<?xml version="1.0" encoding="UTF-8"?>
<testsuite xmlns:xsi="http://www.w3.org/2001/XMLSchema-instance" xsi:noNamespaceSchemaLocation="https://maven.apache.org/surefire/maven-surefire-plugin/xsd/surefire-test-report-3.0.xsd" version="3.0" name="io.netty.loom.MultithreadVirtualEventExecutorGroupTest" time="1.195" tests="3" errors="0" skipped="0" failures="0">
  <properties>
    <property name="java.specification.version" value="24"/>
    <property name="sun.jnu.encoding" value="UTF-8"/>
    <property name="java.class.path" value="/home/forked_franz/IdeaProjects/Netty-VirtualThread-Scheduler/core/target/test-classes:/home/forked_franz/IdeaProjects/Netty-VirtualThread-Scheduler/core/target/classes:/home/forked_franz/.m2/repository/io/netty/netty-all/4.2.0.Final/netty-all-4.2.0.Final.jar:/home/forked_franz/.m2/repository/io/netty/netty-buffer/4.2.0.Final/netty-buffer-4.2.0.Final.jar:/home/forked_franz/.m2/repository/io/netty/netty-codec-base/4.2.0.Final/netty-codec-base-4.2.0.Final.jar:/home/forked_franz/.m2/repository/io/netty/netty-codec/4.2.0.Final/netty-codec-4.2.0.Final.jar:/home/forked_franz/.m2/repository/io/netty/netty-codec-dns/4.2.0.Final/netty-codec-dns-4.2.0.Final.jar:/home/forked_franz/.m2/repository/io/netty/netty-codec-haproxy/4.2.0.Final/netty-codec-haproxy-4.2.0.Final.jar:/home/forked_franz/.m2/repository/io/netty/netty-codec-compression/4.2.0.Final/netty-codec-compression-4.2.0.Final.jar:/home/forked_franz/.m2/repository/io/netty/netty-codec-http/4.2.0.Final/netty-codec-http-4.2.0.Final.jar:/home/forked_franz/.m2/repository/io/netty/netty-codec-http2/4.2.0.Final/netty-codec-http2-4.2.0.Final.jar:/home/forked_franz/.m2/repository/io/netty/netty-codec-memcache/4.2.0.Final/netty-codec-memcache-4.2.0.Final.jar:/home/forked_franz/.m2/repository/io/netty/netty-codec-mqtt/4.2.0.Final/netty-codec-mqtt-4.2.0.Final.jar:/home/forked_franz/.m2/repository/io/netty/netty-codec-redis/4.2.0.Final/netty-codec-redis-4.2.0.Final.jar:/home/forked_franz/.m2/repository/io/netty/netty-codec-smtp/4.2.0.Final/netty-codec-smtp-4.2.0.Final.jar:/home/forked_franz/.m2/repository/io/netty/netty-codec-socks/4.2.0.Final/netty-codec-socks-4.2.0.Final.jar:/home/forked_franz/.m2/repository/io/netty/netty-codec-stomp/4.2.0.Final/netty-codec-stomp-4.2.0.Final.jar:/home/forked_franz/.m2/repository/io/netty/netty-codec-xml/4.2.0.Final/netty-codec-xml-4.2.0.Final.jar:/home/forked_franz/.m2/repository/io/netty/netty-codec-protobuf/4.2.0.Final/netty-codec-protobuf-4.2.0.Final.jar:/home/forked_franz/.m2/repository/io/netty/netty-codec-marshalling/4.2.0.Final/netty-codec-marshalling-4.2.0.Final.jar:/home/forked_franz/.m2/repository/io/netty/netty-common/4.2.0.Final/netty-common-4.2.0.Final.jar:/home/forked_franz/.m2/repository/io/netty/netty-handler/4.2.0.Final/netty-handler-4.2.0.Final.jar:/home/forked_franz/.m2/repository/io/netty/netty-transport-native-unix-common/4.2.0.Final/netty-transport-native-unix-common-4.2.0.Final.jar:/home/forked_franz/.m2/repository/io/netty/netty-handler-proxy/4.2.0.Final/netty-handler-proxy-4.2.0.Final.jar:/home/forked_franz/.m2/repository/io/netty/netty-handler-ssl-ocsp/4.2.0.Final/netty-handler-ssl-ocsp-4.2.0.Final.jar:/home/forked_franz/.m2/repository/io/netty/netty-resolver/4.2.0.Final/netty-resolver-4.2.0.Final.jar:/home/forked_franz/.m2/repository/io/netty/netty-resolver-dns/4.2.0.Final/netty-resolver-dns-4.2.0.Final.jar:/home/forked_franz/.m2/repository/io/netty/netty-transport/4.2.0.Final/netty-transport-4.2.0.Final.jar:/home/forked_franz/.m2/repository/io/netty/netty-transport-rxtx/4.2.0.Final/netty-transport-rxtx-4.2.0.Final.jar:/home/forked_franz/.m2/repository/io/netty/netty-transport-sctp/4.2.0.Final/netty-transport-sctp-4.2.0.Final.jar:/home/forked_franz/.m2/repository/io/netty/netty-transport-udt/4.2.0.Final/netty-transport-udt-4.2.0.Final.jar:/home/forked_franz/.m2/repository/io/netty/netty-transport-classes-epoll/4.2.0.Final/netty-transport-classes-epoll-4.2.0.Final.jar:/home/forked_franz/.m2/repository/io/netty/netty-transport-classes-kqueue/4.2.0.Final/netty-transport-classes-kqueue-4.2.0.Final.jar:/home/forked_franz/.m2/repository/io/netty/netty-resolver-dns-classes-macos/4.2.0.Final/netty-resolver-dns-classes-macos-4.2.0.Final.jar:/home/forked_franz/.m2/repository/io/netty/netty-transport-classes-io_uring/4.2.0.Final/netty-transport-classes-io_uring-4.2.0.Final.jar:/home/forked_franz/.m2/repository/io/netty/netty-transport-native-epoll/4.2.0.Final/netty-transport-native-epoll-4.2.0.Final-linux-x86_64.jar:/home/forked_franz/.m2/repository/io/netty/netty-transport-native-epoll/4.2.0.Final/netty-transport-native-epoll-4.2.0.Final-linux-aarch_64.jar:/home/forked_franz/.m2/repository/io/netty/netty-transport-native-epoll/4.2.0.Final/netty-transport-native-epoll-4.2.0.Final-linux-riscv64.jar:/home/forked_franz/.m2/repository/io/netty/netty-transport-native-io_uring/4.2.0.Final/netty-transport-native-io_uring-4.2.0.Final-linux-x86_64.jar:/home/forked_franz/.m2/repository/io/netty/netty-transport-native-io_uring/4.2.0.Final/netty-transport-native-io_uring-4.2.0.Final-linux-aarch_64.jar:/home/forked_franz/.m2/repository/io/netty/netty-transport-native-io_uring/4.2.0.Final/netty-transport-native-io_uring-4.2.0.Final-linux-riscv64.jar:/home/forked_franz/.m2/repository/io/netty/netty-transport-native-kqueue/4.2.0.Final/netty-transport-native-kqueue-4.2.0.Final-osx-x86_64.jar:/home/forked_franz/.m2/repository/io/netty/netty-transport-native-kqueue/4.2.0.Final/netty-transport-native-kqueue-4.2.0.Final-osx-aarch_64.jar:/home/forked_franz/.m2/repository/io/netty/netty-resolver-dns-native-macos/4.2.0.Final/netty-resolver-dns-native-macos-4.2.0.Final-osx-x86_64.jar:/home/forked_franz/.m2/repository/io/netty/netty-resolver-dns-native-macos/4.2.0.Final/netty-resolver-dns-native-macos-4.2.0.Final-osx-aarch_64.jar:/home/forked_franz/.m2/repository/org/junit/jupiter/junit-jupiter-api/5.11.4/junit-jupiter-api-5.11.4.jar:/home/forked_franz/.m2/repository/org/opentest4j/opentest4j/1.3.0/opentest4j-1.3.0.jar:/home/forked_franz/.m2/repository/org/junit/platform/junit-platform-commons/1.11.4/junit-platform-commons-1.11.4.jar:/home/forked_franz/.m2/repository/org/apiguardian/apiguardian-api/1.1.2/apiguardian-api-1.1.2.jar:"/>
    <property name="java.vm.vendor" value="Oracle Corporation"/>
    <property name="sun.arch.data.model" value="64"/>
    <property name="java.vendor.url" value="https://java.oracle.com/"/>
    <property name="os.name" value="Linux"/>
    <property name="java.vm.specification.version" value="24"/>
    <property name="sun.java.launcher" value="SUN_STANDARD"/>
    <property name="user.country" value="US"/>
    <property name="sun.boot.library.path" value="/home/forked_franz/.sdkman/candidates/java/24-oracle/lib"/>
    <property name="sun.java.command" value="/home/forked_franz/IdeaProjects/Netty-VirtualThread-Scheduler/core/target/surefire/surefirebooter-20250430114650008_3.jar /home/forked_franz/IdeaProjects/Netty-VirtualThread-Scheduler/core/target/surefire 2025-04-30T11-46-49_966-jvmRun1 surefire-20250430114650008_1tmp surefire_0-20250430114650008_2tmp"/>
    <property name="jdk.debug" value="release"/>
    <property name="surefire.test.class.path" value="/home/forked_franz/IdeaProjects/Netty-VirtualThread-Scheduler/core/target/test-classes:/home/forked_franz/IdeaProjects/Netty-VirtualThread-Scheduler/core/target/classes:/home/forked_franz/.m2/repository/io/netty/netty-all/4.2.0.Final/netty-all-4.2.0.Final.jar:/home/forked_franz/.m2/repository/io/netty/netty-buffer/4.2.0.Final/netty-buffer-4.2.0.Final.jar:/home/forked_franz/.m2/repository/io/netty/netty-codec-base/4.2.0.Final/netty-codec-base-4.2.0.Final.jar:/home/forked_franz/.m2/repository/io/netty/netty-codec/4.2.0.Final/netty-codec-4.2.0.Final.jar:/home/forked_franz/.m2/repository/io/netty/netty-codec-dns/4.2.0.Final/netty-codec-dns-4.2.0.Final.jar:/home/forked_franz/.m2/repository/io/netty/netty-codec-haproxy/4.2.0.Final/netty-codec-haproxy-4.2.0.Final.jar:/home/forked_franz/.m2/repository/io/netty/netty-codec-compression/4.2.0.Final/netty-codec-compression-4.2.0.Final.jar:/home/forked_franz/.m2/repository/io/netty/netty-codec-http/4.2.0.Final/netty-codec-http-4.2.0.Final.jar:/home/forked_franz/.m2/repository/io/netty/netty-codec-http2/4.2.0.Final/netty-codec-http2-4.2.0.Final.jar:/home/forked_franz/.m2/repository/io/netty/netty-codec-memcache/4.2.0.Final/netty-codec-memcache-4.2.0.Final.jar:/home/forked_franz/.m2/repository/io/netty/netty-codec-mqtt/4.2.0.Final/netty-codec-mqtt-4.2.0.Final.jar:/home/forked_franz/.m2/repository/io/netty/netty-codec-redis/4.2.0.Final/netty-codec-redis-4.2.0.Final.jar:/home/forked_franz/.m2/repository/io/netty/netty-codec-smtp/4.2.0.Final/netty-codec-smtp-4.2.0.Final.jar:/home/forked_franz/.m2/repository/io/netty/netty-codec-socks/4.2.0.Final/netty-codec-socks-4.2.0.Final.jar:/home/forked_franz/.m2/repository/io/netty/netty-codec-stomp/4.2.0.Final/netty-codec-stomp-4.2.0.Final.jar:/home/forked_franz/.m2/repository/io/netty/netty-codec-xml/4.2.0.Final/netty-codec-xml-4.2.0.Final.jar:/home/forked_franz/.m2/repository/io/netty/netty-codec-protobuf/4.2.0.Final/netty-codec-protobuf-4.2.0.Final.jar:/home/forked_franz/.m2/repository/io/netty/netty-codec-marshalling/4.2.0.Final/netty-codec-marshalling-4.2.0.Final.jar:/home/forked_franz/.m2/repository/io/netty/netty-common/4.2.0.Final/netty-common-4.2.0.Final.jar:/home/forked_franz/.m2/repository/io/netty/netty-handler/4.2.0.Final/netty-handler-4.2.0.Final.jar:/home/forked_franz/.m2/repository/io/netty/netty-transport-native-unix-common/4.2.0.Final/netty-transport-native-unix-common-4.2.0.Final.jar:/home/forked_franz/.m2/repository/io/netty/netty-handler-proxy/4.2.0.Final/netty-handler-proxy-4.2.0.Final.jar:/home/forked_franz/.m2/repository/io/netty/netty-handler-ssl-ocsp/4.2.0.Final/netty-handler-ssl-ocsp-4.2.0.Final.jar:/home/forked_franz/.m2/repository/io/netty/netty-resolver/4.2.0.Final/netty-resolver-4.2.0.Final.jar:/home/forked_franz/.m2/repository/io/netty/netty-resolver-dns/4.2.0.Final/netty-resolver-dns-4.2.0.Final.jar:/home/forked_franz/.m2/repository/io/netty/netty-transport/4.2.0.Final/netty-transport-4.2.0.Final.jar:/home/forked_franz/.m2/repository/io/netty/netty-transport-rxtx/4.2.0.Final/netty-transport-rxtx-4.2.0.Final.jar:/home/forked_franz/.m2/repository/io/netty/netty-transport-sctp/4.2.0.Final/netty-transport-sctp-4.2.0.Final.jar:/home/forked_franz/.m2/repository/io/netty/netty-transport-udt/4.2.0.Final/netty-transport-udt-4.2.0.Final.jar:/home/forked_franz/.m2/repository/io/netty/netty-transport-classes-epoll/4.2.0.Final/netty-transport-classes-epoll-4.2.0.Final.jar:/home/forked_franz/.m2/repository/io/netty/netty-transport-classes-kqueue/4.2.0.Final/netty-transport-classes-kqueue-4.2.0.Final.jar:/home/forked_franz/.m2/repository/io/netty/netty-resolver-dns-classes-macos/4.2.0.Final/netty-resolver-dns-classes-macos-4.2.0.Final.jar:/home/forked_franz/.m2/repository/io/netty/netty-transport-classes-io_uring/4.2.0.Final/netty-transport-classes-io_uring-4.2.0.Final.jar:/home/forked_franz/.m2/repository/io/netty/netty-transport-native-epoll/4.2.0.Final/netty-transport-native-epoll-4.2.0.Final-linux-x86_64.jar:/home/forked_franz/.m2/repository/io/netty/netty-transport-native-epoll/4.2.0.Final/netty-transport-native-epoll-4.2.0.Final-linux-aarch_64.jar:/home/forked_franz/.m2/repository/io/netty/netty-transport-native-epoll/4.2.0.Final/netty-transport-native-epoll-4.2.0.Final-linux-riscv64.jar:/home/forked_franz/.m2/repository/io/netty/netty-transport-native-io_uring/4.2.0.Final/netty-transport-native-io_uring-4.2.0.Final-linux-x86_64.jar:/home/forked_franz/.m2/repository/io/netty/netty-transport-native-io_uring/4.2.0.Final/netty-transport-native-io_uring-4.2.0.Final-linux-aarch_64.jar:/home/forked_franz/.m2/repository/io/netty/netty-transport-native-io_uring/4.2.0.Final/netty-transport-native-io_uring-4.2.0.Final-linux-riscv64.jar:/home/forked_franz/.m2/repository/io/netty/netty-transport-native-kqueue/4.2.0.Final/netty-transport-native-kqueue-4.2.0.Final-osx-x86_64.jar:/home/forked_franz/.m2/repository/io/netty/netty-transport-native-kqueue/4.2.0.Final/netty-transport-native-kqueue-4.2.0.Final-osx-aarch_64.jar:/home/forked_franz/.m2/repository/io/netty/netty-resolver-dns-native-macos/4.2.0.Final/netty-resolver-dns-native-macos-4.2.0.Final-osx-x86_64.jar:/home/forked_franz/.m2/repository/io/netty/netty-resolver-dns-native-macos/4.2.0.Final/netty-resolver-dns-native-macos-4.2.0.Final-osx-aarch_64.jar:/home/forked_franz/.m2/repository/org/junit/jupiter/junit-jupiter-api/5.11.4/junit-jupiter-api-5.11.4.jar:/home/forked_franz/.m2/repository/org/opentest4j/opentest4j/1.3.0/opentest4j-1.3.0.jar:/home/forked_franz/.m2/repository/org/junit/platform/junit-platform-commons/1.11.4/junit-platform-commons-1.11.4.jar:/home/forked_franz/.m2/repository/org/apiguardian/apiguardian-api/1.1.2/apiguardian-api-1.1.2.jar:"/>
    <property name="sun.cpu.endian" value="little"/>
    <property name="user.home" value="/home/forked_franz"/>
    <property name="user.language" value="en"/>
    <property name="jdk.traceVirtualThreadLocals" value="true"/>
    <property name="java.specification.vendor" value="Oracle Corporation"/>
    <property name="java.version.date" value="2025-03-18"/>
    <property name="java.home" value="/home/forked_franz/.sdkman/candidates/java/24-oracle"/>
    <property name="file.separator" value="/"/>
    <property name="basedir" value="/home/forked_franz/IdeaProjects/Netty-VirtualThread-Scheduler/core"/>
    <property name="java.vm.compressedOopsMode" value="Zero based"/>
    <property name="line.separator" value="&#10;"/>
    <property name="java.specification.name" value="Java Platform API Specification"/>
    <property name="java.vm.specification.vendor" value="Oracle Corporation"/>
    <property name="surefire.real.class.path" value="/home/forked_franz/IdeaProjects/Netty-VirtualThread-Scheduler/core/target/surefire/surefirebooter-20250430114650008_3.jar"/>
    <property name="sun.management.compiler" value="HotSpot 64-Bit Tiered Compilers"/>
    <property name="java.runtime.version" value="24+36-3646"/>
    <property name="user.name" value="forked_franz"/>
    <property name="stdout.encoding" value="UTF-8"/>
    <property name="path.separator" value=":"/>
    <property name="os.version" value="6.14.3-300.fc42.x86_64"/>
    <property name="java.runtime.name" value="Java(TM) SE Runtime Environment"/>
    <property name="file.encoding" value="UTF-8"/>
    <property name="java.vm.name" value="Java HotSpot(TM) 64-Bit Server VM"/>
    <property name="localRepository" value="/home/forked_franz/.m2/repository"/>
    <property name="java.vendor.url.bug" value="https://bugreport.java.com/bugreport/"/>
    <property name="java.io.tmpdir" value="/tmp"/>
    <property name="java.version" value="24"/>
    <property name="user.dir" value="/home/forked_franz/IdeaProjects/Netty-VirtualThread-Scheduler/core"/>
    <property name="os.arch" value="amd64"/>
    <property name="java.vm.specification.name" value="Java Virtual Machine Specification"/>
    <property name="native.encoding" value="UTF-8"/>
    <property name="java.library.path" value="/usr/java/packages/lib:/usr/lib64:/lib64:/lib:/usr/lib"/>
    <property name="java.vm.info" value="mixed mode, sharing"/>
    <property name="stderr.encoding" value="UTF-8"/>
    <property name="java.vendor" value="Oracle Corporation"/>
    <property name="java.vm.version" value="24+36-3646"/>
    <property name="sun.io.unicode.encoding" value="UnicodeLittle"/>
    <property name="java.class.version" value="68.0"/>
  </properties>
  <testcase name="processHttpRequestWithVirtualThreadOnManualNettyEventLoop" classname="io.netty.loom.MultithreadVirtualEventExecutorGroupTest" time="0.18"/>
  <testcase name="busyYieldMakeEveryoneToProgress" classname="io.netty.loom.MultithreadVirtualEventExecutorGroupTest" time="1.005"/>
  <testcase name="virtualEventExecutorGroupCorrectlySetEventExecutor" classname="io.netty.loom.MultithreadVirtualEventExecutorGroupTest" time="0.002"/>
</testsuite>